

Microchip MPLAB XC8 Assembler V2.31 build 20201012212115 
                                                                                               Sun Apr 18 22:02:13 2021

Microchip MPLAB XC8 C Compiler v2.31 (Free license) build 20201012212115 Og1 
     1                           	processor	16F887
     2                           	pagewidth 120
     3                           	opt	flic
     4                           	psect	idataBANK0,global,class=CODE,delta=2,noexec
     5                           	psect	nvCOMMON,global,class=COMMON,space=1,delta=1,noexec
     6                           	psect	nvBANK0,global,class=BANK0,space=1,delta=1,noexec
     7                           	psect	cinit,global,class=CODE,merge=1,delta=2
     8                           	psect	bssCOMMON,global,class=COMMON,space=1,delta=1,noexec
     9                           	psect	dataBANK0,global,class=BANK0,space=1,delta=1,noexec
    10                           	psect	inittext,global,class=CODE,delta=2
    11                           	psect	cstackCOMMON,global,class=COMMON,space=1,delta=1,noexec
    12                           	psect	cstackBANK0,global,class=BANK0,space=1,delta=1,noexec
    13                           	psect	maintext,global,class=CODE,split=1,delta=2
    14                           	psect	text1,local,class=CODE,merge=1,delta=2
    15                           	psect	text2,local,class=CODE,merge=1,delta=2,group=1
    16                           	psect	text3,local,class=CODE,merge=1,delta=2,group=1
    17                           	psect	text4,local,class=CODE,merge=1,delta=2
    18                           	psect	text5,local,class=CODE,merge=1,delta=2
    19                           	psect	intentry,global,class=CODE,delta=2
    20                           	psect	config,global,abs,ovrld,class=CONFIG,space=4,delta=2,noexec
    21                           	dabs	1,0x7E,2
    22  0000                     
    23                           ; Version 2.20
    24                           ; Generated 12/02/2020 GMT
    25                           ; 
    26                           ; Copyright © 2020, Microchip Technology Inc. and its subsidiaries ("Microchip")
    27                           ; All rights reserved.
    28                           ; 
    29                           ; This software is developed by Microchip Technology Inc. and its subsidiaries ("Microch
      +                          ip").
    30                           ; 
    31                           ; Redistribution and use in source and binary forms, with or without modification, are
    32                           ; permitted provided that the following conditions are met:
    33                           ; 
    34                           ;     1. Redistributions of source code must retain the above copyright notice, this lis
      +                          t of
    35                           ;        conditions and the following disclaimer.
    36                           ; 
    37                           ;     2. Redistributions in binary form must reproduce the above copyright notice, this 
      +                          list
    38                           ;        of conditions and the following disclaimer in the documentation and/or other
    39                           ;        materials provided with the distribution.
    40                           ; 
    41                           ;     3. Microchip's name may not be used to endorse or promote products derived from th
      +                          is
    42                           ;        software without specific prior written permission.
    43                           ; 
    44                           ; THIS SOFTWARE IS PROVIDED BY MICROCHIP "AS IS" AND ANY EXPRESS OR IMPLIED WARRANTIES,
    45                           ; INCLUDING, BUT NOT LIMITED TO, THE IMPLIED WARRANTIES OF MERCHANTABILITY AND FITNESS F
      +                          OR
    46                           ; PURPOSE ARE DISCLAIMED.  IN NO EVENT SHALL MICROCHIP BE LIABLE FOR ANY DIRECT, INDIREC
      +                          T,
    47                           ; INCIDENTAL, SPECIAL, EXEMPLARY, OR CONSEQUENTIAL DAMAGES (INCLUDING BUT NOT LIMITED TO
    48                           ; PROCUREMENT OF SUBSTITUTE GOODS OR SERVICES; LOSS OF USE, DATA OR PROFITS; OR BUSINESS
    49                           ; INTERRUPTION) HOWSOEVER CAUSED AND ON ANY THEORY OF LIABILITY, WHETHER IN CONTRACT, ST
      +                          RICT
    50                           ; LIABILITY, OR TORT (INCLUDING NEGLIGENCE OR OTHERWISE) ARISING IN ANY WAY OUT OF THE U
      +                          SE OF
    51                           ; THIS SOFTWARE, EVEN IF ADVISED OF THE POSSIBILITY OF SUCH DAMAGE.
    52                           ; 
    53                           ; 
    54                           ; Code-generator required, PIC16F887 Definitions
    55                           ; 
    56                           ; SFR Addresses
    57  0000                     	;# 
    58  0001                     	;# 
    59  0002                     	;# 
    60  0003                     	;# 
    61  0004                     	;# 
    62  0005                     	;# 
    63  0006                     	;# 
    64  0007                     	;# 
    65  0008                     	;# 
    66  0009                     	;# 
    67  000A                     	;# 
    68  000B                     	;# 
    69  000C                     	;# 
    70  000D                     	;# 
    71  000E                     	;# 
    72  000E                     	;# 
    73  000F                     	;# 
    74  0010                     	;# 
    75  0011                     	;# 
    76  0012                     	;# 
    77  0013                     	;# 
    78  0014                     	;# 
    79  0015                     	;# 
    80  0015                     	;# 
    81  0016                     	;# 
    82  0017                     	;# 
    83  0018                     	;# 
    84  0019                     	;# 
    85  001A                     	;# 
    86  001B                     	;# 
    87  001B                     	;# 
    88  001C                     	;# 
    89  001D                     	;# 
    90  001E                     	;# 
    91  001F                     	;# 
    92  0081                     	;# 
    93  0085                     	;# 
    94  0086                     	;# 
    95  0087                     	;# 
    96  0088                     	;# 
    97  0089                     	;# 
    98  008C                     	;# 
    99  008D                     	;# 
   100  008E                     	;# 
   101  008F                     	;# 
   102  0090                     	;# 
   103  0091                     	;# 
   104  0092                     	;# 
   105  0093                     	;# 
   106  0093                     	;# 
   107  0093                     	;# 
   108  0094                     	;# 
   109  0095                     	;# 
   110  0096                     	;# 
   111  0097                     	;# 
   112  0098                     	;# 
   113  0099                     	;# 
   114  009A                     	;# 
   115  009B                     	;# 
   116  009C                     	;# 
   117  009D                     	;# 
   118  009E                     	;# 
   119  009F                     	;# 
   120  0105                     	;# 
   121  0107                     	;# 
   122  0108                     	;# 
   123  0109                     	;# 
   124  010C                     	;# 
   125  010C                     	;# 
   126  010D                     	;# 
   127  010E                     	;# 
   128  010F                     	;# 
   129  0185                     	;# 
   130  0187                     	;# 
   131  0188                     	;# 
   132  0189                     	;# 
   133  018C                     	;# 
   134  018D                     	;# 
   135  0000                     	;# 
   136  0001                     	;# 
   137  0002                     	;# 
   138  0003                     	;# 
   139  0004                     	;# 
   140  0005                     	;# 
   141  0006                     	;# 
   142  0007                     	;# 
   143  0008                     	;# 
   144  0009                     	;# 
   145  000A                     	;# 
   146  000B                     	;# 
   147  000C                     	;# 
   148  000D                     	;# 
   149  000E                     	;# 
   150  000E                     	;# 
   151  000F                     	;# 
   152  0010                     	;# 
   153  0011                     	;# 
   154  0012                     	;# 
   155  0013                     	;# 
   156  0014                     	;# 
   157  0015                     	;# 
   158  0015                     	;# 
   159  0016                     	;# 
   160  0017                     	;# 
   161  0018                     	;# 
   162  0019                     	;# 
   163  001A                     	;# 
   164  001B                     	;# 
   165  001B                     	;# 
   166  001C                     	;# 
   167  001D                     	;# 
   168  001E                     	;# 
   169  001F                     	;# 
   170  0081                     	;# 
   171  0085                     	;# 
   172  0086                     	;# 
   173  0087                     	;# 
   174  0088                     	;# 
   175  0089                     	;# 
   176  008C                     	;# 
   177  008D                     	;# 
   178  008E                     	;# 
   179  008F                     	;# 
   180  0090                     	;# 
   181  0091                     	;# 
   182  0092                     	;# 
   183  0093                     	;# 
   184  0093                     	;# 
   185  0093                     	;# 
   186  0094                     	;# 
   187  0095                     	;# 
   188  0096                     	;# 
   189  0097                     	;# 
   190  0098                     	;# 
   191  0099                     	;# 
   192  009A                     	;# 
   193  009B                     	;# 
   194  009C                     	;# 
   195  009D                     	;# 
   196  009E                     	;# 
   197  009F                     	;# 
   198  0105                     	;# 
   199  0107                     	;# 
   200  0108                     	;# 
   201  0109                     	;# 
   202  010C                     	;# 
   203  010C                     	;# 
   204  010D                     	;# 
   205  010E                     	;# 
   206  010F                     	;# 
   207  0185                     	;# 
   208  0187                     	;# 
   209  0188                     	;# 
   210  0189                     	;# 
   211  018C                     	;# 
   212  018D                     	;# 
   213                           
   214                           	psect	idataBANK0
   215  01E8                     __pidataBANK0:
   216                           
   217                           ;initializer for _sietes
   218  01E8  343F               	retlw	63
   219  01E9  3406               	retlw	6
   220  01EA  345B               	retlw	91
   221  01EB  344F               	retlw	79
   222  01EC  3466               	retlw	102
   223  01ED  346D               	retlw	109
   224  01EE  347D               	retlw	125
   225  01EF  3407               	retlw	7
   226  01F0  347F               	retlw	127
   227  01F1  346F               	retlw	111
   228                           
   229                           	psect	nvCOMMON
   230  0077                     __pnvCOMMON:
   231  0077                     _resultado:
   232  0077                     	ds	1
   233  0078                     _num:
   234  0078                     	ds	1
   235                           
   236                           	psect	nvBANK0
   237  0032                     __pnvBANK0:
   238  0032                     _resultados:
   239  0032                     	ds	1
   240  0033                     _unidades:
   241  0033                     	ds	1
   242  0034                     _decenas:
   243  0034                     	ds	1
   244  0035                     _centenas:
   245  0035                     	ds	1
   246  0009                     _PORTE	set	9
   247  0006                     _PORTB	set	6
   248  0007                     _PORTC	set	7
   249  0006                     _PORTBbits	set	6
   250  0001                     _TMR0	set	1
   251  000B                     _INTCONbits	set	11
   252  0008                     _PORTD	set	8
   253  0009                     _PORTEbits	set	9
   254  0058                     _RBIF	set	88
   255  005A                     _T0IF	set	90
   256  0096                     _IOCBbits	set	150
   257  0095                     _WPUB	set	149
   258  0081                     _OPTION_REGbits	set	129
   259  008F                     _OSCCONbits	set	143
   260  0089                     _TRISE	set	137
   261  0088                     _TRISD	set	136
   262  0087                     _TRISC	set	135
   263  0086                     _TRISBbits	set	134
   264  0189                     _ANSELH	set	393
   265  0188                     _ANSEL	set	392
   266                           
   267                           	psect	cinit
   268  0011                     start_initialization:	
   269                           ; #config settings
   270                           
   271  0011                     __initialization:
   272                           
   273                           ; Initialize objects allocated to BANK0
   274  0011  1383               	bcf	3,7	;select IRP bank0
   275  0012  302A               	movlw	low (__pdataBANK0+10)
   276  0013  00FD               	movwf	btemp+-1
   277  0014  3001               	movlw	high __pidataBANK0
   278  0015  00FE               	movwf	btemp
   279  0016  30E8               	movlw	low __pidataBANK0
   280  0017  00FF               	movwf	btemp+1
   281  0018  3020               	movlw	low __pdataBANK0
   282  0019  0084               	movwf	4
   283  001A  120A  118A  21CB  120A  118A  	fcall	init_ram0
   284                           
   285                           ; Clear objects allocated to COMMON
   286  001F  01F9               	clrf	__pbssCOMMON& (0+127)
   287  0020  01FA               	clrf	(__pbssCOMMON+1)& (0+127)
   288  0021                     end_of_initialization:	
   289                           ;End of C runtime variable initialization code
   290                           
   291  0021                     __end_of__initialization:
   292  0021  0183               	clrf	3
   293  0022  120A  118A  29DA   	ljmp	_main	;jump to C main() function
   294                           
   295                           	psect	bssCOMMON
   296  0079                     __pbssCOMMON:
   297  0079                     _banderas:
   298  0079                     	ds	2
   299                           
   300                           	psect	dataBANK0
   301  0020                     __pdataBANK0:
   302  0020                     _sietes:
   303  0020                     	ds	10
   304                           
   305                           	psect	inittext
   306  01C7                     init_fetch0:	
   307                           ;	Called with low address in FSR and high address in W
   308                           
   309  01C7  087E               	movf	btemp,w
   310  01C8  008A               	movwf	10
   311  01C9  087F               	movf	btemp+1,w
   312  01CA  0082               	movwf	2
   313  01CB                     init_ram0:	
   314                           ;Called with:
   315                           ;	high address of idata address in btemp 
   316                           ;	low address of idata address in btemp+1 
   317                           ;	low address of data in FSR
   318                           ;	high address + 1 of data in btemp-1
   319                           
   320  01CB  120A  118A  21C7  120A  118A  	fcall	init_fetch0
   321  01D0  0080               	movwf	0
   322  01D1  0A84               	incf	4,f
   323  01D2  0804               	movf	4,w
   324  01D3  067D               	xorwf	btemp+-1,w
   325  01D4  1903               	btfsc	3,2
   326  01D5  3400               	retlw	0
   327  01D6  0AFF               	incf	btemp+1,f
   328  01D7  1903               	btfsc	3,2
   329  01D8  0AFE               	incf	btemp,f
   330  01D9  29CB               	goto	init_ram0
   331                           
   332                           	psect	cstackCOMMON
   333  0070                     __pcstackCOMMON:
   334  0070                     ?_config:
   335  0070                     ?_division:	
   336                           ; 1 bytes @ 0x0
   337                           
   338  0070                     ?_isr:	
   339                           ; 1 bytes @ 0x0
   340                           
   341  0070                     ??_isr:	
   342                           ; 1 bytes @ 0x0
   343                           
   344  0070                     ?_main:	
   345                           ; 1 bytes @ 0x0
   346                           
   347                           
   348                           ; 1 bytes @ 0x0
   349  0070                     	ds	3
   350  0073                     ??_config:
   351  0073                     ?___awdiv:	
   352                           ; 1 bytes @ 0x3
   353                           
   354  0073                     ?___awmod:	
   355                           ; 2 bytes @ 0x3
   356                           
   357  0073                     ___awdiv@divisor:	
   358                           ; 2 bytes @ 0x3
   359                           
   360  0073                     ___awmod@divisor:	
   361                           ; 2 bytes @ 0x3
   362                           
   363                           
   364                           ; 2 bytes @ 0x3
   365  0073                     	ds	2
   366  0075                     ___awdiv@dividend:
   367  0075                     ___awmod@dividend:	
   368                           ; 2 bytes @ 0x5
   369                           
   370                           
   371                           ; 2 bytes @ 0x5
   372  0075                     	ds	2
   373  0077                     ??_main:
   374                           
   375                           	psect	cstackBANK0
   376  002A                     __pcstackBANK0:	
   377                           ; 1 bytes @ 0x7
   378                           
   379  002A                     ??___awdiv:
   380  002A                     ??___awmod:	
   381                           ; 1 bytes @ 0x0
   382                           
   383                           
   384                           ; 1 bytes @ 0x0
   385  002A                     	ds	1
   386  002B                     ___awdiv@counter:
   387  002B                     ___awmod@counter:	
   388                           ; 1 bytes @ 0x1
   389                           
   390                           
   391                           ; 1 bytes @ 0x1
   392  002B                     	ds	1
   393  002C                     ___awdiv@sign:
   394  002C                     ___awmod@sign:	
   395                           ; 1 bytes @ 0x2
   396                           
   397                           
   398                           ; 1 bytes @ 0x2
   399  002C                     	ds	1
   400  002D                     ___awdiv@quotient:
   401                           
   402                           ; 2 bytes @ 0x3
   403  002D                     	ds	2
   404  002F                     ??_division:
   405                           
   406                           ; 1 bytes @ 0x5
   407  002F                     	ds	3
   408                           
   409                           	psect	maintext
   410  01DA                     __pmaintext:	
   411 ;;
   412 ;;Main: autosize = 0, tempsize = 0, incstack = 0, save=0
   413 ;;
   414 ;; *************** function _main *****************
   415 ;; Defined at:
   416 ;;		line 81 in file "lab7.c"
   417 ;; Parameters:    Size  Location     Type
   418 ;;		None
   419 ;; Auto vars:     Size  Location     Type
   420 ;;		None
   421 ;; Return value:  Size  Location     Type
   422 ;;                  1    wreg      void 
   423 ;; Registers used:
   424 ;;		wreg, status,2, status,0, pclath, cstack
   425 ;; Tracked objects:
   426 ;;		On entry : B00/0
   427 ;;		On exit  : 0/0
   428 ;;		Unchanged: 0/0
   429 ;; Data sizes:     COMMON   BANK0   BANK1   BANK3   BANK2
   430 ;;      Params:         0       0       0       0       0
   431 ;;      Locals:         0       0       0       0       0
   432 ;;      Temps:          0       0       0       0       0
   433 ;;      Totals:         0       0       0       0       0
   434 ;;Total ram usage:        0 bytes
   435 ;; Hardware stack levels required when called:    3
   436 ;; This function calls:
   437 ;;		_config
   438 ;;		_division
   439 ;; This function is called by:
   440 ;;		Startup code after reset
   441 ;; This function uses a non-reentrant model
   442 ;;
   443                           
   444                           
   445                           ;psect for function _main
   446  01DA                     _main:
   447  01DA                     l1079:	
   448                           ;incstack = 0
   449                           ; Regs used in _main: [wreg+status,2+status,0+pclath+cstack]
   450                           
   451                           
   452                           ;lab7.c: 82:     config();
   453  01DA  120A  118A  21A0  120A  118A  	fcall	_config
   454  01DF                     l76:	
   455                           ;lab7.c: 83:     while(1)
   456                           
   457                           
   458                           ;lab7.c: 84:         division();
   459  01DF  120A  118A  208E  120A  118A  	fcall	_division
   460  01E4  29DF               	goto	l76
   461  01E5  120A  118A  280E   	ljmp	start
   462  01E8                     __end_of_main:
   463                           
   464                           	psect	text1
   465  008E                     __ptext1:	
   466 ;; *************** function _division *****************
   467 ;; Defined at:
   468 ;;		line 124 in file "lab7.c"
   469 ;; Parameters:    Size  Location     Type
   470 ;;		None
   471 ;; Auto vars:     Size  Location     Type
   472 ;;		None
   473 ;; Return value:  Size  Location     Type
   474 ;;                  1    wreg      unsigned char 
   475 ;; Registers used:
   476 ;;		wreg, status,2, status,0, pclath, cstack
   477 ;; Tracked objects:
   478 ;;		On entry : 0/0
   479 ;;		On exit  : 0/0
   480 ;;		Unchanged: 0/0
   481 ;; Data sizes:     COMMON   BANK0   BANK1   BANK3   BANK2
   482 ;;      Params:         0       0       0       0       0
   483 ;;      Locals:         0       0       0       0       0
   484 ;;      Temps:          0       3       0       0       0
   485 ;;      Totals:         0       3       0       0       0
   486 ;;Total ram usage:        3 bytes
   487 ;; Hardware stack levels used:    1
   488 ;; Hardware stack levels required when called:    2
   489 ;; This function calls:
   490 ;;		___awdiv
   491 ;;		___awmod
   492 ;; This function is called by:
   493 ;;		_main
   494 ;; This function uses a non-reentrant model
   495 ;;
   496                           
   497                           
   498                           ;psect for function _division
   499  008E                     _division:
   500  008E                     l1069:	
   501                           ;incstack = 0
   502                           ; Regs used in _division: [wreg+status,2+status,0+pclath+cstack]
   503                           
   504                           
   505                           ;lab7.c: 125:     num = PORTC;
   506  008E  1283               	bcf	3,5	;RP0=0, select bank0
   507  008F  1303               	bcf	3,6	;RP1=0, select bank0
   508  0090  0807               	movf	7,w	;volatile
   509  0091  00AF               	movwf	??_division
   510  0092  082F               	movf	??_division,w
   511  0093  00F8               	movwf	_num
   512  0094                     l1071:
   513                           
   514                           ;lab7.c: 126:     centenas = num/100;
   515  0094  3064               	movlw	100
   516  0095  00F3               	movwf	___awdiv@divisor
   517  0096  3000               	movlw	0
   518  0097  00F4               	movwf	___awdiv@divisor+1
   519  0098  0878               	movf	_num,w
   520  0099  00AF               	movwf	??_division
   521  009A  01B0               	clrf	??_division+1
   522  009B  082F               	movf	??_division,w
   523  009C  00F5               	movwf	___awdiv@dividend
   524  009D  0830               	movf	??_division+1,w
   525  009E  00F6               	movwf	___awdiv@dividend+1
   526  009F  120A  118A  2025  120A  118A  	fcall	___awdiv
   527  00A4  0873               	movf	?___awdiv,w
   528  00A5  1283               	bcf	3,5	;RP0=0, select bank0
   529  00A6  1303               	bcf	3,6	;RP1=0, select bank0
   530  00A7  00B1               	movwf	??_division+2
   531  00A8  0831               	movf	??_division+2,w
   532  00A9  00B5               	movwf	_centenas
   533  00AA                     l1073:
   534                           
   535                           ;lab7.c: 127:     resultado = num%100;
   536  00AA  3064               	movlw	100
   537  00AB  00F3               	movwf	___awmod@divisor
   538  00AC  3000               	movlw	0
   539  00AD  00F4               	movwf	___awmod@divisor+1
   540  00AE  0878               	movf	_num,w
   541  00AF  00AF               	movwf	??_division
   542  00B0  01B0               	clrf	??_division+1
   543  00B1  082F               	movf	??_division,w
   544  00B2  00F5               	movwf	___awmod@dividend
   545  00B3  0830               	movf	??_division+1,w
   546  00B4  00F6               	movwf	___awmod@dividend+1
   547  00B5  120A  118A  20F1  120A  118A  	fcall	___awmod
   548  00BA  0873               	movf	?___awmod,w
   549  00BB  1283               	bcf	3,5	;RP0=0, select bank0
   550  00BC  1303               	bcf	3,6	;RP1=0, select bank0
   551  00BD  00B1               	movwf	??_division+2
   552  00BE  0831               	movf	??_division+2,w
   553  00BF  00F7               	movwf	_resultado
   554  00C0                     l1075:
   555                           
   556                           ;lab7.c: 128:     decenas = resultado/10;
   557  00C0  300A               	movlw	10
   558  00C1  00F3               	movwf	___awdiv@divisor
   559  00C2  3000               	movlw	0
   560  00C3  00F4               	movwf	___awdiv@divisor+1
   561  00C4  0877               	movf	_resultado,w
   562  00C5  00AF               	movwf	??_division
   563  00C6  01B0               	clrf	??_division+1
   564  00C7  082F               	movf	??_division,w
   565  00C8  00F5               	movwf	___awdiv@dividend
   566  00C9  0830               	movf	??_division+1,w
   567  00CA  00F6               	movwf	___awdiv@dividend+1
   568  00CB  120A  118A  2025  120A  118A  	fcall	___awdiv
   569  00D0  0873               	movf	?___awdiv,w
   570  00D1  1283               	bcf	3,5	;RP0=0, select bank0
   571  00D2  1303               	bcf	3,6	;RP1=0, select bank0
   572  00D3  00B1               	movwf	??_division+2
   573  00D4  0831               	movf	??_division+2,w
   574  00D5  00B4               	movwf	_decenas
   575  00D6                     l1077:
   576                           
   577                           ;lab7.c: 129:     resultados = resultado%10;
   578  00D6  300A               	movlw	10
   579  00D7  00F3               	movwf	___awmod@divisor
   580  00D8  3000               	movlw	0
   581  00D9  00F4               	movwf	___awmod@divisor+1
   582  00DA  0877               	movf	_resultado,w
   583  00DB  00AF               	movwf	??_division
   584  00DC  01B0               	clrf	??_division+1
   585  00DD  082F               	movf	??_division,w
   586  00DE  00F5               	movwf	___awmod@dividend
   587  00DF  0830               	movf	??_division+1,w
   588  00E0  00F6               	movwf	___awmod@dividend+1
   589  00E1  120A  118A  20F1  120A  118A  	fcall	___awmod
   590  00E6  0873               	movf	?___awmod,w
   591  00E7  1283               	bcf	3,5	;RP0=0, select bank0
   592  00E8  1303               	bcf	3,6	;RP1=0, select bank0
   593  00E9  00B1               	movwf	??_division+2
   594  00EA  0831               	movf	??_division+2,w
   595  00EB  00B2               	movwf	_resultados
   596                           
   597                           ;lab7.c: 130:     unidades = resultados;
   598  00EC  0832               	movf	_resultados,w
   599  00ED  00AF               	movwf	??_division
   600  00EE  082F               	movf	??_division,w
   601  00EF  00B3               	movwf	_unidades
   602  00F0                     l85:
   603  00F0  0008               	return
   604  00F1                     __end_of_division:
   605                           
   606                           	psect	text2
   607  00F1                     __ptext2:	
   608 ;; *************** function ___awmod *****************
   609 ;; Defined at:
   610 ;;		line 5 in file "C:\Program Files\Microchip\xc8\v2.31\pic\sources\c90\common\awmod.c"
   611 ;; Parameters:    Size  Location     Type
   612 ;;  divisor         2    3[COMMON] int 
   613 ;;  dividend        2    5[COMMON] int 
   614 ;; Auto vars:     Size  Location     Type
   615 ;;  sign            1    2[BANK0 ] unsigned char 
   616 ;;  counter         1    1[BANK0 ] unsigned char 
   617 ;; Return value:  Size  Location     Type
   618 ;;                  2    3[COMMON] int 
   619 ;; Registers used:
   620 ;;		wreg, status,2, status,0
   621 ;; Tracked objects:
   622 ;;		On entry : 0/0
   623 ;;		On exit  : 0/0
   624 ;;		Unchanged: 0/0
   625 ;; Data sizes:     COMMON   BANK0   BANK1   BANK3   BANK2
   626 ;;      Params:         4       0       0       0       0
   627 ;;      Locals:         0       2       0       0       0
   628 ;;      Temps:          0       1       0       0       0
   629 ;;      Totals:         4       3       0       0       0
   630 ;;Total ram usage:        7 bytes
   631 ;; Hardware stack levels used:    1
   632 ;; Hardware stack levels required when called:    1
   633 ;; This function calls:
   634 ;;		Nothing
   635 ;; This function is called by:
   636 ;;		_division
   637 ;; This function uses a non-reentrant model
   638 ;;
   639                           
   640                           
   641                           ;psect for function ___awmod
   642  00F1                     ___awmod:
   643  00F1                     l1031:	
   644                           ;incstack = 0
   645                           ; Regs used in ___awmod: [wreg+status,2+status,0]
   646                           
   647  00F1  1283               	bcf	3,5	;RP0=0, select bank0
   648  00F2  1303               	bcf	3,6	;RP1=0, select bank0
   649  00F3  01AC               	clrf	___awmod@sign
   650  00F4                     l1033:
   651  00F4  1FF6               	btfss	___awmod@dividend+1,7
   652  00F5  28F7               	goto	u611
   653  00F6  28F8               	goto	u610
   654  00F7                     u611:
   655  00F7  28FF               	goto	l1039
   656  00F8                     u610:
   657  00F8                     l1035:
   658  00F8  09F5               	comf	___awmod@dividend,f
   659  00F9  09F6               	comf	___awmod@dividend+1,f
   660  00FA  0AF5               	incf	___awmod@dividend,f
   661  00FB  1903               	skipnz
   662  00FC  0AF6               	incf	___awmod@dividend+1,f
   663  00FD                     l1037:
   664  00FD  01AC               	clrf	___awmod@sign
   665  00FE  0AAC               	incf	___awmod@sign,f
   666  00FF                     l1039:
   667  00FF  1FF4               	btfss	___awmod@divisor+1,7
   668  0100  2902               	goto	u621
   669  0101  2903               	goto	u620
   670  0102                     u621:
   671  0102  2908               	goto	l1043
   672  0103                     u620:
   673  0103                     l1041:
   674  0103  09F3               	comf	___awmod@divisor,f
   675  0104  09F4               	comf	___awmod@divisor+1,f
   676  0105  0AF3               	incf	___awmod@divisor,f
   677  0106  1903               	skipnz
   678  0107  0AF4               	incf	___awmod@divisor+1,f
   679  0108                     l1043:
   680  0108  0873               	movf	___awmod@divisor,w
   681  0109  0474               	iorwf	___awmod@divisor+1,w
   682  010A  1903               	btfsc	3,2
   683  010B  290D               	goto	u631
   684  010C  290E               	goto	u630
   685  010D                     u631:
   686  010D  293D               	goto	l1061
   687  010E                     u630:
   688  010E                     l1045:
   689  010E  01AB               	clrf	___awmod@counter
   690  010F  0AAB               	incf	___awmod@counter,f
   691  0110  291C               	goto	l1051
   692  0111                     l1047:
   693  0111  3001               	movlw	1
   694  0112                     u645:
   695  0112  1003               	clrc
   696  0113  0DF3               	rlf	___awmod@divisor,f
   697  0114  0DF4               	rlf	___awmod@divisor+1,f
   698  0115  3EFF               	addlw	-1
   699  0116  1D03               	skipz
   700  0117  2912               	goto	u645
   701  0118                     l1049:
   702  0118  3001               	movlw	1
   703  0119  00AA               	movwf	??___awmod
   704  011A  082A               	movf	??___awmod,w
   705  011B  07AB               	addwf	___awmod@counter,f
   706  011C                     l1051:
   707  011C  1FF4               	btfss	___awmod@divisor+1,7
   708  011D  291F               	goto	u651
   709  011E  2920               	goto	u650
   710  011F                     u651:
   711  011F  2911               	goto	l1047
   712  0120                     u650:
   713  0120                     l1053:
   714  0120  0874               	movf	___awmod@divisor+1,w
   715  0121  0276               	subwf	___awmod@dividend+1,w
   716  0122  1D03               	skipz
   717  0123  2926               	goto	u665
   718  0124  0873               	movf	___awmod@divisor,w
   719  0125  0275               	subwf	___awmod@dividend,w
   720  0126                     u665:
   721  0126  1C03               	skipc
   722  0127  2929               	goto	u661
   723  0128  292A               	goto	u660
   724  0129                     u661:
   725  0129  2930               	goto	l1057
   726  012A                     u660:
   727  012A                     l1055:
   728  012A  0873               	movf	___awmod@divisor,w
   729  012B  02F5               	subwf	___awmod@dividend,f
   730  012C  0874               	movf	___awmod@divisor+1,w
   731  012D  1C03               	skipc
   732  012E  03F6               	decf	___awmod@dividend+1,f
   733  012F  02F6               	subwf	___awmod@dividend+1,f
   734  0130                     l1057:
   735  0130  3001               	movlw	1
   736  0131                     u675:
   737  0131  1003               	clrc
   738  0132  0CF4               	rrf	___awmod@divisor+1,f
   739  0133  0CF3               	rrf	___awmod@divisor,f
   740  0134  3EFF               	addlw	-1
   741  0135  1D03               	skipz
   742  0136  2931               	goto	u675
   743  0137                     l1059:
   744  0137  3001               	movlw	1
   745  0138  02AB               	subwf	___awmod@counter,f
   746  0139  1D03               	btfss	3,2
   747  013A  293C               	goto	u681
   748  013B  293D               	goto	u680
   749  013C                     u681:
   750  013C  2920               	goto	l1053
   751  013D                     u680:
   752  013D                     l1061:
   753  013D  082C               	movf	___awmod@sign,w
   754  013E  1903               	btfsc	3,2
   755  013F  2941               	goto	u691
   756  0140  2942               	goto	u690
   757  0141                     u691:
   758  0141  2947               	goto	l1065
   759  0142                     u690:
   760  0142                     l1063:
   761  0142  09F5               	comf	___awmod@dividend,f
   762  0143  09F6               	comf	___awmod@dividend+1,f
   763  0144  0AF5               	incf	___awmod@dividend,f
   764  0145  1903               	skipnz
   765  0146  0AF6               	incf	___awmod@dividend+1,f
   766  0147                     l1065:
   767  0147  0876               	movf	___awmod@dividend+1,w
   768  0148  00F4               	movwf	?___awmod+1
   769  0149  0875               	movf	___awmod@dividend,w
   770  014A  00F3               	movwf	?___awmod
   771  014B                     l337:
   772  014B  0008               	return
   773  014C                     __end_of___awmod:
   774                           
   775                           	psect	text3
   776  0025                     __ptext3:	
   777 ;; *************** function ___awdiv *****************
   778 ;; Defined at:
   779 ;;		line 5 in file "C:\Program Files\Microchip\xc8\v2.31\pic\sources\c90\common\awdiv.c"
   780 ;; Parameters:    Size  Location     Type
   781 ;;  divisor         2    3[COMMON] int 
   782 ;;  dividend        2    5[COMMON] int 
   783 ;; Auto vars:     Size  Location     Type
   784 ;;  quotient        2    3[BANK0 ] int 
   785 ;;  sign            1    2[BANK0 ] unsigned char 
   786 ;;  counter         1    1[BANK0 ] unsigned char 
   787 ;; Return value:  Size  Location     Type
   788 ;;                  2    3[COMMON] int 
   789 ;; Registers used:
   790 ;;		wreg, status,2, status,0
   791 ;; Tracked objects:
   792 ;;		On entry : 0/0
   793 ;;		On exit  : 0/0
   794 ;;		Unchanged: 0/0
   795 ;; Data sizes:     COMMON   BANK0   BANK1   BANK3   BANK2
   796 ;;      Params:         4       0       0       0       0
   797 ;;      Locals:         0       4       0       0       0
   798 ;;      Temps:          0       1       0       0       0
   799 ;;      Totals:         4       5       0       0       0
   800 ;;Total ram usage:        9 bytes
   801 ;; Hardware stack levels used:    1
   802 ;; Hardware stack levels required when called:    1
   803 ;; This function calls:
   804 ;;		Nothing
   805 ;; This function is called by:
   806 ;;		_division
   807 ;; This function uses a non-reentrant model
   808 ;;
   809                           
   810                           
   811                           ;psect for function ___awdiv
   812  0025                     ___awdiv:
   813  0025                     l987:	
   814                           ;incstack = 0
   815                           ; Regs used in ___awdiv: [wreg+status,2+status,0]
   816                           
   817  0025  1283               	bcf	3,5	;RP0=0, select bank0
   818  0026  1303               	bcf	3,6	;RP1=0, select bank0
   819  0027  01AC               	clrf	___awdiv@sign
   820  0028                     l989:
   821  0028  1FF4               	btfss	___awdiv@divisor+1,7
   822  0029  282B               	goto	u511
   823  002A  282C               	goto	u510
   824  002B                     u511:
   825  002B  2833               	goto	l995
   826  002C                     u510:
   827  002C                     l991:
   828  002C  09F3               	comf	___awdiv@divisor,f
   829  002D  09F4               	comf	___awdiv@divisor+1,f
   830  002E  0AF3               	incf	___awdiv@divisor,f
   831  002F  1903               	skipnz
   832  0030  0AF4               	incf	___awdiv@divisor+1,f
   833  0031                     l993:
   834  0031  01AC               	clrf	___awdiv@sign
   835  0032  0AAC               	incf	___awdiv@sign,f
   836  0033                     l995:
   837  0033  1FF6               	btfss	___awdiv@dividend+1,7
   838  0034  2836               	goto	u521
   839  0035  2837               	goto	u520
   840  0036                     u521:
   841  0036  2840               	goto	l1001
   842  0037                     u520:
   843  0037                     l997:
   844  0037  09F5               	comf	___awdiv@dividend,f
   845  0038  09F6               	comf	___awdiv@dividend+1,f
   846  0039  0AF5               	incf	___awdiv@dividend,f
   847  003A  1903               	skipnz
   848  003B  0AF6               	incf	___awdiv@dividend+1,f
   849  003C                     l999:
   850  003C  3001               	movlw	1
   851  003D  00AA               	movwf	??___awdiv
   852  003E  082A               	movf	??___awdiv,w
   853  003F  06AC               	xorwf	___awdiv@sign,f
   854  0040                     l1001:
   855  0040  01AD               	clrf	___awdiv@quotient
   856  0041  01AE               	clrf	___awdiv@quotient+1
   857  0042                     l1003:
   858  0042  0873               	movf	___awdiv@divisor,w
   859  0043  0474               	iorwf	___awdiv@divisor+1,w
   860  0044  1903               	btfsc	3,2
   861  0045  2847               	goto	u531
   862  0046  2848               	goto	u530
   863  0047                     u531:
   864  0047  287F               	goto	l1023
   865  0048                     u530:
   866  0048                     l1005:
   867  0048  01AB               	clrf	___awdiv@counter
   868  0049  0AAB               	incf	___awdiv@counter,f
   869  004A  2856               	goto	l1011
   870  004B                     l1007:
   871  004B  3001               	movlw	1
   872  004C                     u545:
   873  004C  1003               	clrc
   874  004D  0DF3               	rlf	___awdiv@divisor,f
   875  004E  0DF4               	rlf	___awdiv@divisor+1,f
   876  004F  3EFF               	addlw	-1
   877  0050  1D03               	skipz
   878  0051  284C               	goto	u545
   879  0052                     l1009:
   880  0052  3001               	movlw	1
   881  0053  00AA               	movwf	??___awdiv
   882  0054  082A               	movf	??___awdiv,w
   883  0055  07AB               	addwf	___awdiv@counter,f
   884  0056                     l1011:
   885  0056  1FF4               	btfss	___awdiv@divisor+1,7
   886  0057  2859               	goto	u551
   887  0058  285A               	goto	u550
   888  0059                     u551:
   889  0059  284B               	goto	l1007
   890  005A                     u550:
   891  005A                     l1013:
   892  005A  3001               	movlw	1
   893  005B                     u565:
   894  005B  1003               	clrc
   895  005C  0DAD               	rlf	___awdiv@quotient,f
   896  005D  0DAE               	rlf	___awdiv@quotient+1,f
   897  005E  3EFF               	addlw	-1
   898  005F  1D03               	skipz
   899  0060  285B               	goto	u565
   900  0061  0874               	movf	___awdiv@divisor+1,w
   901  0062  0276               	subwf	___awdiv@dividend+1,w
   902  0063  1D03               	skipz
   903  0064  2867               	goto	u575
   904  0065  0873               	movf	___awdiv@divisor,w
   905  0066  0275               	subwf	___awdiv@dividend,w
   906  0067                     u575:
   907  0067  1C03               	skipc
   908  0068  286A               	goto	u571
   909  0069  286B               	goto	u570
   910  006A                     u571:
   911  006A  2872               	goto	l1019
   912  006B                     u570:
   913  006B                     l1015:
   914  006B  0873               	movf	___awdiv@divisor,w
   915  006C  02F5               	subwf	___awdiv@dividend,f
   916  006D  0874               	movf	___awdiv@divisor+1,w
   917  006E  1C03               	skipc
   918  006F  03F6               	decf	___awdiv@dividend+1,f
   919  0070  02F6               	subwf	___awdiv@dividend+1,f
   920  0071                     l1017:
   921  0071  142D               	bsf	___awdiv@quotient,0
   922  0072                     l1019:
   923  0072  3001               	movlw	1
   924  0073                     u585:
   925  0073  1003               	clrc
   926  0074  0CF4               	rrf	___awdiv@divisor+1,f
   927  0075  0CF3               	rrf	___awdiv@divisor,f
   928  0076  3EFF               	addlw	-1
   929  0077  1D03               	skipz
   930  0078  2873               	goto	u585
   931  0079                     l1021:
   932  0079  3001               	movlw	1
   933  007A  02AB               	subwf	___awdiv@counter,f
   934  007B  1D03               	btfss	3,2
   935  007C  287E               	goto	u591
   936  007D  287F               	goto	u590
   937  007E                     u591:
   938  007E  285A               	goto	l1013
   939  007F                     u590:
   940  007F                     l1023:
   941  007F  082C               	movf	___awdiv@sign,w
   942  0080  1903               	btfsc	3,2
   943  0081  2883               	goto	u601
   944  0082  2884               	goto	u600
   945  0083                     u601:
   946  0083  2889               	goto	l1027
   947  0084                     u600:
   948  0084                     l1025:
   949  0084  09AD               	comf	___awdiv@quotient,f
   950  0085  09AE               	comf	___awdiv@quotient+1,f
   951  0086  0AAD               	incf	___awdiv@quotient,f
   952  0087  1903               	skipnz
   953  0088  0AAE               	incf	___awdiv@quotient+1,f
   954  0089                     l1027:
   955  0089  082E               	movf	___awdiv@quotient+1,w
   956  008A  00F4               	movwf	?___awdiv+1
   957  008B  082D               	movf	___awdiv@quotient,w
   958  008C  00F3               	movwf	?___awdiv
   959  008D                     l324:
   960  008D  0008               	return
   961  008E                     __end_of___awdiv:
   962                           
   963                           	psect	text4
   964  01A0                     __ptext4:	
   965 ;; *************** function _config *****************
   966 ;; Defined at:
   967 ;;		line 87 in file "lab7.c"
   968 ;; Parameters:    Size  Location     Type
   969 ;;		None
   970 ;; Auto vars:     Size  Location     Type
   971 ;;		None
   972 ;; Return value:  Size  Location     Type
   973 ;;                  1    wreg      void 
   974 ;; Registers used:
   975 ;;		wreg, status,2
   976 ;; Tracked objects:
   977 ;;		On entry : 0/0
   978 ;;		On exit  : 0/0
   979 ;;		Unchanged: 0/0
   980 ;; Data sizes:     COMMON   BANK0   BANK1   BANK3   BANK2
   981 ;;      Params:         0       0       0       0       0
   982 ;;      Locals:         0       0       0       0       0
   983 ;;      Temps:          0       0       0       0       0
   984 ;;      Totals:         0       0       0       0       0
   985 ;;Total ram usage:        0 bytes
   986 ;; Hardware stack levels used:    1
   987 ;; Hardware stack levels required when called:    1
   988 ;; This function calls:
   989 ;;		Nothing
   990 ;; This function is called by:
   991 ;;		_main
   992 ;; This function uses a non-reentrant model
   993 ;;
   994                           
   995                           
   996                           ;psect for function _config
   997  01A0                     _config:
   998  01A0                     l759:	
   999                           ;incstack = 0
  1000                           ; Regs used in _config: [wreg+status,2]
  1001                           
  1002                           
  1003                           ;lab7.c: 88:     ANSEL = 0x00;
  1004  01A0  1683               	bsf	3,5	;RP0=1, select bank3
  1005  01A1  1703               	bsf	3,6	;RP1=1, select bank3
  1006  01A2  0188               	clrf	8	;volatile
  1007                           
  1008                           ;lab7.c: 89:     ANSELH = 0x00;
  1009  01A3  0189               	clrf	9	;volatile
  1010  01A4                     l761:
  1011                           
  1012                           ;lab7.c: 91:     TRISBbits.TRISB0 = 1;
  1013  01A4  1683               	bsf	3,5	;RP0=1, select bank1
  1014  01A5  1303               	bcf	3,6	;RP1=0, select bank1
  1015  01A6  1406               	bsf	6,0	;volatile
  1016  01A7                     l763:
  1017                           
  1018                           ;lab7.c: 92:     TRISBbits.TRISB1 = 1;
  1019  01A7  1486               	bsf	6,1	;volatile
  1020                           
  1021                           ;lab7.c: 93:     TRISC = 0x00;
  1022  01A8  0187               	clrf	7	;volatile
  1023                           
  1024                           ;lab7.c: 94:     TRISD = 0x00;
  1025  01A9  0188               	clrf	8	;volatile
  1026                           
  1027                           ;lab7.c: 95:     TRISE = 0x00;
  1028  01AA  0189               	clrf	9	;volatile
  1029                           
  1030                           ;lab7.c: 97:     PORTB = 0x00;
  1031  01AB  1283               	bcf	3,5	;RP0=0, select bank0
  1032  01AC  1303               	bcf	3,6	;RP1=0, select bank0
  1033  01AD  0186               	clrf	6	;volatile
  1034                           
  1035                           ;lab7.c: 98:     PORTC = 0x00;
  1036  01AE  0187               	clrf	7	;volatile
  1037                           
  1038                           ;lab7.c: 99:     PORTD = 0x00;
  1039  01AF  0188               	clrf	8	;volatile
  1040                           
  1041                           ;lab7.c: 100:     PORTE = 0x00;
  1042  01B0  0189               	clrf	9	;volatile
  1043  01B1                     l765:
  1044                           
  1045                           ;lab7.c: 102:     OSCCONbits.IRCF2 = 0;
  1046  01B1  1683               	bsf	3,5	;RP0=1, select bank1
  1047  01B2  1303               	bcf	3,6	;RP1=0, select bank1
  1048  01B3  130F               	bcf	15,6	;volatile
  1049  01B4                     l767:
  1050                           
  1051                           ;lab7.c: 103:     OSCCONbits.IRCF1 = 1;
  1052  01B4  168F               	bsf	15,5	;volatile
  1053  01B5                     l769:
  1054                           
  1055                           ;lab7.c: 104:     OSCCONbits.IRCF0 = 0;
  1056  01B5  120F               	bcf	15,4	;volatile
  1057  01B6                     l771:
  1058                           
  1059                           ;lab7.c: 105:     OSCCONbits.SCS = 1;
  1060  01B6  140F               	bsf	15,0	;volatile
  1061  01B7                     l773:
  1062                           
  1063                           ;lab7.c: 107:     OPTION_REGbits.T0CS = 0;
  1064  01B7  1281               	bcf	1,5	;volatile
  1065  01B8                     l775:
  1066                           
  1067                           ;lab7.c: 108:     OPTION_REGbits.PSA = 0;
  1068  01B8  1181               	bcf	1,3	;volatile
  1069  01B9                     l777:
  1070                           
  1071                           ;lab7.c: 109:     OPTION_REGbits.PS2 = 1;
  1072  01B9  1501               	bsf	1,2	;volatile
  1073  01BA                     l779:
  1074                           
  1075                           ;lab7.c: 110:     OPTION_REGbits.PS1 = 1;
  1076  01BA  1481               	bsf	1,1	;volatile
  1077  01BB                     l781:
  1078                           
  1079                           ;lab7.c: 111:     OPTION_REGbits.PS0 = 1;
  1080  01BB  1401               	bsf	1,0	;volatile
  1081  01BC                     l783:
  1082                           
  1083                           ;lab7.c: 113:     OPTION_REGbits.nRBPU = 0;
  1084  01BC  1381               	bcf	1,7	;volatile
  1085  01BD                     l785:
  1086                           
  1087                           ;lab7.c: 114:     WPUB = 0b00000011;
  1088  01BD  3003               	movlw	3
  1089  01BE  0095               	movwf	21	;volatile
  1090  01BF                     l787:
  1091                           
  1092                           ;lab7.c: 115:     IOCBbits.IOCB0 = 1;
  1093  01BF  1416               	bsf	22,0	;volatile
  1094  01C0                     l789:
  1095                           
  1096                           ;lab7.c: 116:     IOCBbits.IOCB1 = 1;
  1097  01C0  1496               	bsf	22,1	;volatile
  1098  01C1                     l791:
  1099                           
  1100                           ;lab7.c: 118:     INTCONbits.GIE = 1;
  1101  01C1  178B               	bsf	11,7	;volatile
  1102  01C2                     l793:
  1103                           
  1104                           ;lab7.c: 119:     INTCONbits.RBIE = 1;
  1105  01C2  158B               	bsf	11,3	;volatile
  1106  01C3                     l795:
  1107                           
  1108                           ;lab7.c: 120:     INTCONbits.RBIF = 0;
  1109  01C3  100B               	bcf	11,0	;volatile
  1110  01C4                     l797:
  1111                           
  1112                           ;lab7.c: 121:     INTCONbits.T0IE = 1;
  1113  01C4  168B               	bsf	11,5	;volatile
  1114  01C5                     l799:
  1115                           
  1116                           ;lab7.c: 122:     INTCONbits.T0IF = 0;}
  1117  01C5  110B               	bcf	11,2	;volatile
  1118  01C6                     l82:
  1119  01C6  0008               	return
  1120  01C7                     __end_of_config:
  1121                           
  1122                           	psect	text5
  1123  014C                     __ptext5:	
  1124 ;; *************** function _isr *****************
  1125 ;; Defined at:
  1126 ;;		line 55 in file "lab7.c"
  1127 ;; Parameters:    Size  Location     Type
  1128 ;;		None
  1129 ;; Auto vars:     Size  Location     Type
  1130 ;;		None
  1131 ;; Return value:  Size  Location     Type
  1132 ;;                  1    wreg      void 
  1133 ;; Registers used:
  1134 ;;		wreg, fsr0l, fsr0h, status,2, status,0
  1135 ;; Tracked objects:
  1136 ;;		On entry : 0/0
  1137 ;;		On exit  : 0/0
  1138 ;;		Unchanged: 0/0
  1139 ;; Data sizes:     COMMON   BANK0   BANK1   BANK3   BANK2
  1140 ;;      Params:         0       0       0       0       0
  1141 ;;      Locals:         0       0       0       0       0
  1142 ;;      Temps:          3       0       0       0       0
  1143 ;;      Totals:         3       0       0       0       0
  1144 ;;Total ram usage:        3 bytes
  1145 ;; Hardware stack levels used:    1
  1146 ;; This function calls:
  1147 ;;		Nothing
  1148 ;; This function is called by:
  1149 ;;		Interrupt level 1
  1150 ;; This function uses a non-reentrant model
  1151 ;;
  1152                           
  1153                           
  1154                           ;psect for function _isr
  1155  014C                     _isr:
  1156  014C                     i1l945:
  1157                           
  1158                           ;lab7.c: 56:     if(T0IF == 1){
  1159  014C  1D0B               	btfss	11,2	;volatile
  1160  014D  294F               	goto	u45_21
  1161  014E  2950               	goto	u45_20
  1162  014F                     u45_21:
  1163  014F  2982               	goto	i1l973
  1164  0150                     u45_20:
  1165  0150                     i1l947:
  1166                           
  1167                           ;lab7.c: 57:         PORTEbits.RE0 = 0;
  1168  0150  1283               	bcf	3,5	;RP0=0, select bank0
  1169  0151  1303               	bcf	3,6	;RP1=0, select bank0
  1170  0152  1009               	bcf	9,0	;volatile
  1171                           
  1172                           ;lab7.c: 58:         PORTEbits.RE1 = 1;
  1173  0153  1489               	bsf	9,1	;volatile
  1174  0154                     i1l949:
  1175                           
  1176                           ;lab7.c: 59:         PORTD = (sietes[decenas]);
  1177  0154  0834               	movf	_decenas,w
  1178  0155  3E20               	addlw	(low (_sietes| 0))& (0+255)
  1179  0156  0084               	movwf	4
  1180  0157  1383               	bcf	3,7	;select IRP bank0
  1181  0158  0800               	movf	0,w
  1182  0159  0088               	movwf	8	;volatile
  1183  015A                     i1l951:
  1184                           
  1185                           ;lab7.c: 60:         banderas = 1;
  1186  015A  3001               	movlw	1
  1187  015B  00F9               	movwf	_banderas
  1188  015C  3000               	movlw	0
  1189  015D  00FA               	movwf	_banderas+1
  1190  015E                     i1l953:
  1191                           
  1192                           ;lab7.c: 61:         if (banderas == 1){
  1193  015E  0379               	decf	_banderas,w
  1194  015F  047A               	iorwf	_banderas+1,w
  1195  0160  1D03               	btfss	3,2
  1196  0161  2963               	goto	u46_21
  1197  0162  2964               	goto	u46_20
  1198  0163                     u46_21:
  1199  0163  296F               	goto	i1l961
  1200  0164                     u46_20:
  1201  0164                     i1l955:
  1202                           
  1203                           ;lab7.c: 62:             PORTEbits.RE1 = 0;
  1204  0164  1089               	bcf	9,1	;volatile
  1205                           
  1206                           ;lab7.c: 63:             PORTEbits.RE2 = 1;
  1207  0165  1509               	bsf	9,2	;volatile
  1208  0166                     i1l957:
  1209                           
  1210                           ;lab7.c: 64:             PORTD = (sietes[centenas]);
  1211  0166  0835               	movf	_centenas,w
  1212  0167  3E20               	addlw	(low (_sietes| 0))& (0+255)
  1213  0168  0084               	movwf	4
  1214  0169  0800               	movf	0,w
  1215  016A  0088               	movwf	8	;volatile
  1216  016B                     i1l959:
  1217                           
  1218                           ;lab7.c: 65:             banderas = 2;}
  1219  016B  3002               	movlw	2
  1220  016C  00F9               	movwf	_banderas
  1221  016D  3000               	movlw	0
  1222  016E  00FA               	movwf	_banderas+1
  1223  016F                     i1l961:
  1224                           
  1225                           ;lab7.c: 66:         if (banderas == 2){
  1226  016F  3002               	movlw	2
  1227  0170  0679               	xorwf	_banderas,w
  1228  0171  047A               	iorwf	_banderas+1,w
  1229  0172  1D03               	btfss	3,2
  1230  0173  2975               	goto	u47_21
  1231  0174  2976               	goto	u47_20
  1232  0175                     u47_21:
  1233  0175  297F               	goto	i1l969
  1234  0176                     u47_20:
  1235  0176                     i1l963:
  1236                           
  1237                           ;lab7.c: 67:             PORTEbits.RE2 = 0;
  1238  0176  1109               	bcf	9,2	;volatile
  1239                           
  1240                           ;lab7.c: 68:             PORTEbits.RE0 = 1;
  1241  0177  1409               	bsf	9,0	;volatile
  1242  0178                     i1l965:
  1243                           
  1244                           ;lab7.c: 69:             PORTD = (sietes[unidades]);
  1245  0178  0833               	movf	_unidades,w
  1246  0179  3E20               	addlw	(low (_sietes| 0))& (0+255)
  1247  017A  0084               	movwf	4
  1248  017B  0800               	movf	0,w
  1249  017C  0088               	movwf	8	;volatile
  1250  017D                     i1l967:
  1251                           
  1252                           ;lab7.c: 70:             banderas = 0;}
  1253  017D  01F9               	clrf	_banderas
  1254  017E  01FA               	clrf	_banderas+1
  1255  017F                     i1l969:
  1256                           
  1257                           ;lab7.c: 71:         INTCONbits.T0IF = 0;
  1258  017F  110B               	bcf	11,2	;volatile
  1259  0180                     i1l971:
  1260                           
  1261                           ;lab7.c: 72:         TMR0 = 255;}
  1262  0180  30FF               	movlw	255
  1263  0181  0081               	movwf	1	;volatile
  1264  0182                     i1l973:
  1265                           
  1266                           ;lab7.c: 74:     if (RBIF == 1){
  1267  0182  1C0B               	btfss	11,0	;volatile
  1268  0183  2985               	goto	u48_21
  1269  0184  2986               	goto	u48_20
  1270  0185                     u48_21:
  1271  0185  2997               	goto	i1l71
  1272  0186                     u48_20:
  1273  0186                     i1l975:
  1274                           
  1275                           ;lab7.c: 75:         if (PORTBbits.RB0 == 0){
  1276  0186  1283               	bcf	3,5	;RP0=0, select bank0
  1277  0187  1303               	bcf	3,6	;RP1=0, select bank0
  1278  0188  1806               	btfsc	6,0	;volatile
  1279  0189  298B               	goto	u49_21
  1280  018A  298C               	goto	u49_20
  1281  018B                     u49_21:
  1282  018B  298F               	goto	i1l979
  1283  018C                     u49_20:
  1284  018C                     i1l977:
  1285                           
  1286                           ;lab7.c: 76:             PORTC = PORTC + 1;}
  1287  018C  0807               	movf	7,w	;volatile
  1288  018D  3E01               	addlw	1
  1289  018E  0087               	movwf	7	;volatile
  1290  018F                     i1l979:
  1291                           
  1292                           ;lab7.c: 77:         if (PORTBbits.RB1 == 0){
  1293  018F  1886               	btfsc	6,1	;volatile
  1294  0190  2992               	goto	u50_21
  1295  0191  2993               	goto	u50_20
  1296  0192                     u50_21:
  1297  0192  2996               	goto	i1l983
  1298  0193                     u50_20:
  1299  0193                     i1l981:
  1300                           
  1301                           ;lab7.c: 78:             PORTC = PORTC - 1;}
  1302  0193  0807               	movf	7,w	;volatile
  1303  0194  3EFF               	addlw	255
  1304  0195  0087               	movwf	7	;volatile
  1305  0196                     i1l983:
  1306                           
  1307                           ;lab7.c: 79:         INTCONbits.RBIF = 0;}}
  1308  0196  100B               	bcf	11,0	;volatile
  1309  0197                     i1l71:
  1310  0197  0872               	movf	??_isr+2,w
  1311  0198  008A               	movwf	10
  1312  0199  0871               	movf	??_isr+1,w
  1313  019A  0084               	movwf	4
  1314  019B  0E70               	swapf	??_isr,w
  1315  019C  0083               	movwf	3
  1316  019D  0EFE               	swapf	btemp,f
  1317  019E  0E7E               	swapf	btemp,w
  1318  019F  0009               	retfie
  1319  01A0                     __end_of_isr:
  1320  007E                     btemp	set	126	;btemp
  1321  007E                     wtemp0	set	126
  1322                           
  1323                           	psect	intentry
  1324  0004                     __pintentry:	
  1325                           ;incstack = 0
  1326                           ; Regs used in _isr: [wreg-fsr0h+status,2+status,0]
  1327                           
  1328  0004                     interrupt_function:
  1329  007E                     saved_w	set	btemp
  1330  0004  00FE               	movwf	btemp
  1331  0005  0E03               	swapf	3,w
  1332  0006  00F0               	movwf	??_isr
  1333  0007  0804               	movf	4,w
  1334  0008  00F1               	movwf	??_isr+1
  1335  0009  080A               	movf	10,w
  1336  000A  00F2               	movwf	??_isr+2
  1337  000B  120A  118A  294C   	ljmp	_isr
  1338                           
  1339                           	psect	config
  1340                           
  1341                           ;Config register CONFIG1 @ 0x2007
  1342                           ;	Oscillator Selection bits
  1343                           ;	FOSC = INTRC_NOCLKOUT, INTOSCIO oscillator: I/O function on RA6/OSC2/CLKOUT pin, I/O f
      +                          unction on RA7/OSC1/CLKIN
  1344                           ;	Watchdog Timer Enable bit
  1345                           ;	WDTE = OFF, WDT disabled and can be enabled by SWDTEN bit of the WDTCON register
  1346                           ;	Power-up Timer Enable bit
  1347                           ;	PWRTE = ON, PWRT enabled
  1348                           ;	RE3/MCLR pin function select bit
  1349                           ;	MCLRE = OFF, RE3/MCLR pin function is digital input, MCLR internally tied to VDD
  1350                           ;	Code Protection bit
  1351                           ;	CP = OFF, Program memory code protection is disabled
  1352                           ;	Data Code Protection bit
  1353                           ;	CPD = OFF, Data memory code protection is disabled
  1354                           ;	Brown Out Reset Selection bits
  1355                           ;	BOREN = OFF, BOR disabled
  1356                           ;	Internal External Switchover bit
  1357                           ;	IESO = OFF, Internal/External Switchover mode is disabled
  1358                           ;	Fail-Safe Clock Monitor Enabled bit
  1359                           ;	FCMEN = OFF, Fail-Safe Clock Monitor is disabled
  1360                           ;	Low Voltage Programming Enable bit
  1361                           ;	LVP = ON, RB3/PGM pin has PGM function, low voltage programming enabled
  1362                           ;	In-Circuit Debugger Mode bit
  1363                           ;	DEBUG = 0x1, unprogrammed default
  1364  2007                     	org	8199
  1365  2007  30C4               	dw	12484
  1366                           
  1367                           ;Config register CONFIG2 @ 0x2008
  1368                           ;	Brown-out Reset Selection bit
  1369                           ;	BOR4V = BOR40V, Brown-out Reset set to 4.0V
  1370                           ;	Flash Program Memory Self Write Enable bits
  1371                           ;	WRT = OFF, Write protection off
  1372  2008                     	org	8200
  1373  2008  3FFF               	dw	16383

Data Sizes:
    Strings     0
    Constant    0
    Data        10
    BSS         2
    Persistent  6
    Stack       0

Auto Spaces:
    Space          Size  Autos    Used
    COMMON           14      7      11
    BANK0            80      8      22
    BANK1            80      0       0
    BANK3            96      0       0
    BANK2            96      0       0

Pointer List with Targets:

    None.

Critical Paths under _main in COMMON

    _division->___awdiv
    _division->___awmod

Critical Paths under _isr in COMMON

    None.

Critical Paths under _main in BANK0

    _main->_division
    _division->___awdiv

Critical Paths under _isr in BANK0

    None.

Critical Paths under _main in BANK1

    None.

Critical Paths under _isr in BANK1

    None.

Critical Paths under _main in BANK3

    None.

Critical Paths under _isr in BANK3

    None.

Critical Paths under _main in BANK2

    None.

Critical Paths under _isr in BANK2

    None.

Call Graph Tables:

 ---------------------------------------------------------------------------------
 (Depth) Function   	        Calls       Base Space   Used Autos Params    Refs
 ---------------------------------------------------------------------------------
 (0) _main                                                 0     0      0    1598
                             _config
                           _division
 ---------------------------------------------------------------------------------
 (1) _division                                             3     3      0    1598
                                              5 BANK0      3     3      0
                            ___awdiv
                            ___awmod
 ---------------------------------------------------------------------------------
 (2) ___awmod                                              7     3      4     793
                                              3 COMMON     4     0      4
                                              0 BANK0      3     3      0
 ---------------------------------------------------------------------------------
 (2) ___awdiv                                              9     5      4     805
                                              3 COMMON     4     0      4
                                              0 BANK0      5     5      0
 ---------------------------------------------------------------------------------
 (1) _config                                               0     0      0       0
 ---------------------------------------------------------------------------------
 Estimated maximum stack depth 2
 ---------------------------------------------------------------------------------
 (Depth) Function   	        Calls       Base Space   Used Autos Params    Refs
 ---------------------------------------------------------------------------------
 (3) _isr                                                  3     3      0       0
                                              0 COMMON     3     3      0
 ---------------------------------------------------------------------------------
 Estimated maximum stack depth 3
 ---------------------------------------------------------------------------------

 Call Graph Graphs:

 _main (ROOT)
   _config
   _division
     ___awdiv
     ___awmod

 _isr (ROOT)

 Address spaces:
Name               Size   Autos  Total    Cost      Usage
BANK3               60      0       0       9        0.0%
BITBANK3            60      0       0       8        0.0%
SFR3                 0      0       0       4        0.0%
BITSFR3              0      0       0       4        0.0%
BANK2               60      0       0      11        0.0%
BITBANK2            60      0       0      10        0.0%
SFR2                 0      0       0       5        0.0%
BITSFR2              0      0       0       5        0.0%
BANK1               50      0       0       7        0.0%
BITBANK1            50      0       0       6        0.0%
SFR1                 0      0       0       2        0.0%
BITSFR1              0      0       0       2        0.0%
BANK0               50      8      16       5       27.5%
BITBANK0            50      0       0       4        0.0%
SFR0                 0      0       0       1        0.0%
BITSFR0              0      0       0       1        0.0%
COMMON               E      7       B       1       78.6%
BITCOMMON            E      0       0       0        0.0%
CODE                 0      0       0       0        0.0%
DATA                 0      0      21      12        0.0%
ABS                  0      0      21       3        0.0%
NULL                 0      0       0       0        0.0%
STACK                0      0       0       2        0.0%
EEDATA             100      0       0       0        0.0%


Microchip Technology PIC Macro Assembler V2.31 build 20201012212115 
Symbol Table                                                                                   Sun Apr 18 22:02:13 2021

                      pc 0002                       l82 01C6                       l76 01DF  
                     l85 00F0             ___awdiv@sign 002C                       fsr 0004  
                    l324 008D                      l337 014B                      l761 01A4  
                    l771 01B6                      l763 01A7                      l781 01BB  
                    l773 01B7                      l765 01B1                      l791 01C1  
                    l783 01BC                      l775 01B8                      l767 01B4  
                    l759 01A0                      l793 01C2                      l785 01BD  
                    l777 01B9                      l769 01B5                      l795 01C3  
                    l787 01BF                      l779 01BA                      l797 01C4  
                    l789 01C0                      l799 01C5                      l991 002C  
                    l993 0031                      l995 0033                      l987 0025  
                    l997 0037                      l989 0028                      l999 003C  
                    u510 002C                      u511 002B                      u600 0084  
                    u520 0037                      u601 0083                      u521 0036  
                    u530 0048                      u610 00F8                      u531 0047  
                    u611 00F7                      u620 0103                      u621 0102  
                    u550 005A                      u630 010E                      u551 0059  
                    u631 010D                      u545 004C                      u570 006B  
                    u650 0120                      u571 006A                      u651 011F  
                    u660 012A                      u565 005B                      u661 0129  
                    u645 0112                      u590 007F                      u591 007E  
                    u575 0067                      u680 013D                      u585 0073  
                    u681 013C                      u665 0126                      u690 0142  
                    u691 0141                      u675 0131                      _isr 014C  
                    _num 0078                      fsr0 0004                      indf 0000  
           ___awmod@sign 002C                     l1001 0040                     l1011 0056  
                   l1003 0042                     l1021 0079                     l1013 005A  
                   l1005 0048                     l1015 006B                     l1007 004B  
                   l1023 007F                     l1031 00F1                     l1025 0084  
                   l1017 0071                     l1009 0052                     l1041 0103  
                   l1033 00F4                     l1027 0089                     l1019 0072  
                   l1051 011C                     l1043 0108                     l1035 00F8  
                   l1053 0120                     l1045 010E                     l1061 013D  
                   l1037 00FD                     l1063 0142                     l1055 012A  
                   l1047 0111                     l1039 00FF                     l1071 0094  
                   l1065 0147                     l1057 0130                     l1049 0118  
                   l1073 00AA                     l1059 0137                     l1075 00C0  
                   l1077 00D6                     l1069 008E                     l1079 01DA  
                   ?_isr 0070                     _T0IF 005A                     _RBIF 0058  
                   i1l71 0197                     _TMR0 0001                     _WPUB 0095  
                   _main 01DA                     btemp 007E                     start 000E  
                  ??_isr 0070                    ?_main 0070          __end_of___awdiv 008E  
        __end_of___awmod 014C                    _ANSEL 0188          ___awdiv@divisor 0073  
                  i1l951 015A                    i1l961 016F                    i1l953 015E  
                  i1l945 014C                    i1l971 0180                    i1l963 0176  
                  i1l955 0164                    i1l947 0150                    i1l981 0193  
                  i1l965 0178                    i1l957 0166                    i1l949 0154  
                  i1l973 0182                    i1l983 0196                    i1l975 0186  
                  i1l967 017D                    i1l959 016B                    i1l977 018C  
                  i1l969 017F                    i1l979 018F          ___awdiv@counter 002B  
                  u50_20 0193                    u50_21 0192                    _PORTB 0006  
                  _PORTC 0007                    _PORTD 0008                    _PORTE 0009  
                  u45_20 0150                    u45_21 014F                    u46_20 0164  
                  u46_21 0163                    u47_20 0176                    u47_21 0175  
                  u48_20 0186                    u48_21 0185                    u49_20 018C  
                  u49_21 018B                    _TRISC 0087                    _TRISD 0088  
                  _TRISE 0089                    pclath 000A                    status 0003  
                  wtemp0 007E          __initialization 0011             __end_of_main 01E8  
                 ??_main 0077         ___awdiv@dividend 0075                   _ANSELH 0189  
       __end_of_division 00F1                ??___awdiv 002A                ??___awmod 002A  
                 _config 01A0         ___awdiv@quotient 002D          ___awmod@divisor 0073  
                 _sietes 0020          ___awmod@counter 002B                   saved_w 007E  
__end_of__initialization 0021           __pcstackCOMMON 0070             __pidataBANK0 01E8  
         _OPTION_REGbits 0081               __pnvCOMMON 0077               __pmaintext 01DA  
             __pintentry 0004                  ?_config 0070                ?_division 0070  
                ___awdiv 0025                  ___awmod 00F1          __size_of_config 0027  
                _decenas 0034                  __ptext1 008E                  __ptext2 00F1  
                __ptext3 0025                  __ptext4 01A0                  __ptext5 014C  
           __size_of_isr 0054         ___awmod@dividend 0075     end_of_initialization 0021  
             ??_division 002F               _resultados 0032                _PORTBbits 0006  
              _PORTEbits 0009                _TRISBbits 0086           __end_of_config 01C7  
    start_initialization 0011              __end_of_isr 01A0               init_fetch0 01C7  
               ??_config 0073              __pdataBANK0 0020              __pbssCOMMON 0079  
              ___latbits 0002            __pcstackBANK0 002A        __size_of_division 0063  
              __pnvBANK0 0032                 ?___awdiv 0073                 ?___awmod 0073  
      interrupt_function 0004                 _IOCBbits 0096                _resultado 0077  
       __size_of___awdiv 0069         __size_of___awmod 005B                 _banderas 0079  
               _centenas 0035                 _division 008E            __size_of_main 000E  
               _unidades 0033               _INTCONbits 000B                 init_ram0 01CB  
               intlevel1 0000               _OSCCONbits 008F  
